<?xml version="1.0" encoding="UTF-8"?>
<!-- Generated by org.testng.reporters.JUnitReportReporter -->
<testsuite ignored="0" hostname="DESKTOP-C5OP0FP" failures="0" tests="1" name="pruebang.SelTest" time="5.955" errors="0" timestamp="08 may. 2024 07:44:20 GMT" skipped="0">
  <testcase classname="pruebang.SelTest" name="test01" time="5.955"/>
</testsuite> <!-- pruebang.SelTest -->
